<?xml version="1.0" encoding="UTF-8"?>
<!-- Generated by org.testng.reporters.JUnitReportReporter -->
<testsuite hostname="ceduardosq-UX430UNR" failures="0" tests="1" name="cs.AppTest" time="0.011" errors="0" timestamp="2021-06-07T14:14:15 PET" skipped="0">
  <testcase classname="cs.AppTest" name="test" time="0.011"/>
  <system-out/>
</testsuite> <!-- cs.AppTest -->
